2025-10-23 14:18:24,390 - FigConverter - INFO - 检查Inkscape安装
2025-10-23 14:18:24,584 - FigConverter - INFO - 从PATH中找到Inkscape: D:\Program Files\Inkscape\bin\inkscape.com
2025-10-23 14:18:49,416 - FigConverter - INFO - 开始转换 1 个文件到 2 种格式，共 2 个任务
2025-10-23 14:18:49,420 - FigConverter - INFO - 转换 cmg_rotor.svg 到 PNG...
2025-10-23 14:18:51,539 - FigConverter - INFO - 成功转换: D:\manuscripts\hidden_param_fused_RUL_prediction\figs\cmg_rotor.png
2025-10-23 14:18:51,541 - FigConverter - INFO - 转换 cmg_rotor.svg 到 JPEG...
2025-10-23 14:19:02,103 - FigConverter - ERROR - 转换失败: None
2025-10-23 14:19:02,106 - FigConverter - INFO - 所有转换任务已完成
2025-10-23 16:46:02,250 - FigConverter - INFO - 检查Inkscape安装
2025-10-23 16:46:02,421 - FigConverter - INFO - 从PATH中找到Inkscape: D:\Program Files\Inkscape\bin\inkscape.com
2025-10-23 16:46:17,454 - FigConverter - INFO - 开始转换 1 个文件到 3 种格式，实际执行 3 个任务
2025-10-23 16:46:17,455 - FigConverter - INFO - 转换 cmg_rotor.svg 到 PNG...
2025-10-23 16:46:19,567 - FigConverter - INFO - 成功转换: D:\manuscripts\hidden_param_fused_RUL_prediction\figs\cmg_rotor.png
2025-10-23 16:46:19,568 - FigConverter - INFO - 转换 cmg_rotor.svg 到 PDF...
2025-10-23 16:46:21,047 - FigConverter - INFO - 成功转换: D:\manuscripts\hidden_param_fused_RUL_prediction\figs\cmg_rotor.pdf
2025-10-23 16:46:21,047 - FigConverter - INFO - 转换 cmg_rotor.svg 到 TIFF...
2025-10-23 16:46:25,268 - FigConverter - ERROR - 转换失败: None
2025-10-23 16:46:25,272 - FigConverter - INFO - 所有转换任务已完成
2025-10-23 16:51:04,272 - FigConverter - INFO - 检查Inkscape安装
2025-10-23 16:51:04,430 - FigConverter - INFO - 从PATH中找到Inkscape: D:\Program Files\Inkscape\bin\inkscape.com
2025-10-23 16:51:18,640 - FigConverter - INFO - 开始转换 1 个文件到 3 种格式，实际执行 3 个任务
2025-10-23 16:51:18,641 - FigConverter - INFO - 转换 cmg_rotor.svg 到 PNG...
2025-10-23 16:51:20,688 - FigConverter - INFO - 成功转换: D:\manuscripts\hidden_param_fused_RUL_prediction\figs\cmg_rotor.png
2025-10-23 16:51:20,688 - FigConverter - INFO - 转换 cmg_rotor.svg 到 PDF...
2025-10-23 16:51:22,173 - FigConverter - INFO - 成功转换: D:\manuscripts\hidden_param_fused_RUL_prediction\figs\cmg_rotor.pdf
2025-10-23 16:51:22,174 - FigConverter - INFO - 转换 cmg_rotor.svg 到 TIFF...
2025-10-23 16:51:25,766 - FigConverter - ERROR - 转换失败: 
** (org.inkscape.Inkscape:16752): WARNING **: 16:51:22.575: Duplicate option text ('RGBA 8') for parameter 'png_bitdepth' in extension 'org.inkscape.output.png.inkscape'.

** (org.inkscape.Inkscape:16752): ERROR **: 16:51:24.071: 
unhandled exception (type unknown) in signal handler


Emergency save activated!
Emergency save completed. Inkscape will close now.
If you can reproduce this crash, please file a bug at https://inkscape.org/report
with a detailed description of the steps leading to the crash, so we can fix it.

** Message (recursed): Error: Inkscape 遇到内部错误并将立即关闭。

2025-10-23 16:51:25,767 - FigConverter - INFO - 所有转换任务已完成
2025-10-23 16:55:46,754 - FigConverter - INFO - 检查Inkscape安装
2025-10-23 16:55:46,968 - FigConverter - INFO - 从PATH中找到Inkscape: D:\Program Files\Inkscape\bin\inkscape.com
2025-10-23 16:55:55,759 - FigConverter - INFO - 开始转换 1 个文件到 2 种格式，实际执行 2 个任务
2025-10-23 16:55:55,760 - FigConverter - INFO - 转换 cmg_rotor.svg 到 PNG...
2025-10-23 16:55:57,885 - FigConverter - INFO - 成功转换: D:\manuscripts\hidden_param_fused_RUL_prediction\figs\cmg_rotor.png
2025-10-23 16:55:57,886 - FigConverter - INFO - 转换 cmg_rotor.svg 到 PDF...
2025-10-23 16:55:59,419 - FigConverter - INFO - 成功转换: D:\manuscripts\hidden_param_fused_RUL_prediction\figs\cmg_rotor.pdf
2025-10-23 16:55:59,419 - FigConverter - INFO - 所有转换任务已完成
